Using pre-set license
Built from '2022.1/staging' branch; Version is '2022.1.23f1 (9636b062134a) revision 9844400'; Using compiler version '192829333'; Build Type 'Release'
OS: 'Windows 11  (10.0.22621) 64bit Core' Language: 'en' Physical Memory: 32603 MB
BatchMode: 1, IsHumanControllingUs: 0, StartBugReporterOnCrash: 0, Is64bit: 1, IsPro: 1

COMMAND LINE ARGUMENTS:
C:\Program Files\Unity\Hub\Editor\2022.1.23f1-x86_64\Editor\Unity.exe
-adb2
-batchMode
-noUpm
-name
AssetImportWorker5
-projectPath
N:/Documents/Git/FarmAttack/Project Folder/Farm Attack 2 Attack of the Sigmas
-logFile
Logs/AssetImportWorker5.log
-srvPort
52169
Successfully changed project path to: N:/Documents/Git/FarmAttack/Project Folder/Farm Attack 2 Attack of the Sigmas
N:/Documents/Git/FarmAttack/Project Folder/Farm Attack 2 Attack of the Sigmas
[UnityMemory] Configuration Parameters - Can be set up in boot.config
    "memorysetup-bucket-allocator-granularity=16"
    "memorysetup-bucket-allocator-bucket-count=8"
    "memorysetup-bucket-allocator-block-size=33554432"
    "memorysetup-bucket-allocator-block-count=8"
    "memorysetup-main-allocator-block-size=16777216"
    "memorysetup-thread-allocator-block-size=16777216"
    "memorysetup-gfx-main-allocator-block-size=16777216"
    "memorysetup-gfx-thread-allocator-block-size=16777216"
    "memorysetup-cache-allocator-block-size=4194304"
    "memorysetup-typetree-allocator-block-size=2097152"
    "memorysetup-profiler-bucket-allocator-granularity=16"
    "memorysetup-profiler-bucket-allocator-bucket-count=8"
    "memorysetup-profiler-bucket-allocator-block-size=33554432"
    "memorysetup-profiler-bucket-allocator-block-count=8"
    "memorysetup-profiler-allocator-block-size=16777216"
    "memorysetup-profiler-editor-allocator-block-size=1048576"
    "memorysetup-temp-allocator-size-main=16777216"
    "memorysetup-job-temp-allocator-block-size=2097152"
    "memorysetup-job-temp-allocator-block-size-background=1048576"
    "memorysetup-job-temp-allocator-reduction-small-platforms=262144"
    "memorysetup-temp-allocator-size-background-worker=32768"
    "memorysetup-temp-allocator-size-job-worker=262144"
    "memorysetup-temp-allocator-size-preload-manager=33554432"
    "memorysetup-temp-allocator-size-nav-mesh-worker=65536"
    "memorysetup-temp-allocator-size-audio-worker=65536"
    "memorysetup-temp-allocator-size-cloud-worker=32768"
    "memorysetup-temp-allocator-size-gi-baking-worker=262144"
    "memorysetup-temp-allocator-size-gfx=262144"
Refreshing native plugins compatible for Editor in 54.81 ms, found 3 plugins.
Preloading 0 native plugins for Editor in 0.00 ms.
Initialize engine version: 2022.1.23f1 (9636b062134a)
[Subsystems] Discovering subsystems at path C:/Program Files/Unity/Hub/Editor/2022.1.23f1-x86_64/Editor/Data/Resources/UnitySubsystems
[Subsystems] Discovering subsystems at path N:/Documents/Git/FarmAttack/Project Folder/Farm Attack 2 Attack of the Sigmas/Assets
GfxDevice: creating device client; threaded=0; jobified=0
Direct3D:
    Version:  Direct3D 11.0 [level 11.1]
    Renderer: NVIDIA GeForce RTX 4080 (ID=0x2704)
    Vendor:   NVIDIA
    VRAM:     16064 MB
    Driver:   31.0.15.3623
Initialize mono
Mono path[0] = 'C:/Program Files/Unity/Hub/Editor/2022.1.23f1-x86_64/Editor/Data/Managed'
Mono path[1] = 'C:/Program Files/Unity/Hub/Editor/2022.1.23f1-x86_64/Editor/Data/MonoBleedingEdge/lib/mono/unityjit-win32'
Mono config path = 'C:/Program Files/Unity/Hub/Editor/2022.1.23f1-x86_64/Editor/Data/MonoBleedingEdge/etc'
Using monoOptions --debugger-agent=transport=dt_socket,embedding=1,server=y,suspend=n,address=127.0.0.1:56056
Begin MonoManager ReloadAssembly
Registering precompiled unity dll's ...
Register platform support module: C:/Program Files/Unity/Hub/Editor/2022.1.23f1-x86_64/Editor/Data/PlaybackEngines/WindowsStandaloneSupport/UnityEditor.WindowsStandalone.Extensions.dll
Register platform support module: C:/Program Files/Unity/Hub/Editor/2022.1.23f1-x86_64/Editor/Data/PlaybackEngines/MetroSupport/UnityEditor.UWP.Extensions.dll
Registered in 0.003175 seconds.
Native extension for UWP target not found
Native extension for WindowsStandalone target not found
Refreshing native plugins compatible for Editor in 54.57 ms, found 3 plugins.
Preloading 0 native plugins for Editor in 0.00 ms.
Mono: successfully reloaded assembly
- Completed reload, in  0.368 seconds
Domain Reload Profiling:
	ReloadAssembly (368ms)
		BeginReloadAssembly (40ms)
			ExecutionOrderSort (0ms)
			DisableScriptedObjects (0ms)
			BackupInstance (0ms)
			ReleaseScriptingObjects (0ms)
			CreateAndSetChildDomain (0ms)
		EndReloadAssembly (268ms)
			LoadAssemblies (39ms)
			RebuildTransferFunctionScriptingTraits (0ms)
			SetupTypeCache (57ms)
				TypeCache.Initialize (57ms)
					TypeCache.ScanAssembly (56ms)
				ResolveRequiredComponents (0ms)
			ReleaseScriptCaches (0ms)
			RebuildScriptCaches (15ms)
			SetupLoadedEditorAssemblies (166ms)
				LogAssemblyErrors (0ms)
				InitializePlatformSupportModulesInManaged (6ms)
				SetLoadedEditorAssemblies (4ms)
				RefreshPlugins (55ms)
				BeforeProcessingInitializeOnLoad (1ms)
				ProcessInitializeOnLoadAttributes (76ms)
				ProcessInitializeOnLoadMethodAttributes (25ms)
				AfterProcessingInitializeOnLoad (0ms)
				EditorAssembliesLoaded (0ms)
			ExecutionOrderSort2 (0ms)
			AwakeInstancesAfterBackupRestoration (0ms)
Platform modules already initialized, skipping
Registering precompiled user dll's ...
Registered in 0.003219 seconds.
Begin MonoManager ReloadAssembly
Symbol file LoadedFromMemory doesn't match image N:\Documents\Git\FarmAttack\Project Folder\Farm Attack 2 Attack of the Sigmas\Library\PackageCache\com.unity.visualscripting@1.7.8\Editor\VisualScripting.Core\Dependencies\YamlDotNet\Unity.VisualScripting.YamlDotNet.dll
Symbol file LoadedFromMemory doesn't match image N:\Documents\Git\FarmAttack\Project Folder\Farm Attack 2 Attack of the Sigmas\Library\PackageCache\com.unity.visualscripting@1.7.8\Editor\VisualScripting.Core\Dependencies\DotNetZip\Unity.VisualScripting.IonicZip.dll
Native extension for UWP target not found
Native extension for WindowsStandalone target not found
Refreshing native plugins compatible for Editor in 55.73 ms, found 3 plugins.
Preloading 0 native plugins for Editor in 0.00 ms.
Mono: successfully reloaded assembly
- Completed reload, in  0.726 seconds
Domain Reload Profiling:
	ReloadAssembly (727ms)
		BeginReloadAssembly (71ms)
			ExecutionOrderSort (0ms)
			DisableScriptedObjects (4ms)
			BackupInstance (0ms)
			ReleaseScriptingObjects (0ms)
			CreateAndSetChildDomain (11ms)
		EndReloadAssembly (591ms)
			LoadAssemblies (57ms)
			RebuildTransferFunctionScriptingTraits (0ms)
			SetupTypeCache (178ms)
				TypeCache.Initialize (170ms)
					TypeCache.ScanAssembly (167ms)
				ResolveRequiredComponents (9ms)
			ReleaseScriptCaches (0ms)
			RebuildScriptCaches (31ms)
			SetupLoadedEditorAssemblies (302ms)
				LogAssemblyErrors (0ms)
				InitializePlatformSupportModulesInManaged (3ms)
				SetLoadedEditorAssemblies (4ms)
				RefreshPlugins (56ms)
				BeforeProcessingInitializeOnLoad (58ms)
				ProcessInitializeOnLoadAttributes (131ms)
				ProcessInitializeOnLoadMethodAttributes (46ms)
				AfterProcessingInitializeOnLoad (4ms)
				EditorAssembliesLoaded (0ms)
			ExecutionOrderSort2 (0ms)
			AwakeInstancesAfterBackupRestoration (3ms)
Platform modules already initialized, skipping
========================================================================
Worker process is ready to serve import requests
Launched and connected shader compiler UnityShaderCompiler.exe after 0.02 seconds
Refreshing native plugins compatible for Editor in 0.47 ms, found 3 plugins.
Preloading 0 native plugins for Editor in 0.00 ms.
Unloading 5125 Unused Serialized files (Serialized files now loaded: 0)
Unloading 36 unused Assets / (0.7 MB). Loaded Objects now: 5578.
Memory consumption went from 0.78 GB to 0.78 GB.
Total: 2.173700 ms (FindLiveObjects: 0.235800 ms CreateObjectMapping: 0.075200 ms MarkObjects: 1.686100 ms  DeleteObjects: 0.175700 ms)

AssetImportParameters requested are different than current active one (requested -> active):
  custom:video-decoder-ogg-theora: a1e56fd34408186e4bbccfd4996cb3dc -> 
  custom:container-muxer-webm: aa71ff27fc2769a1b78a27578f13a17b -> 
  custom:container-demuxer-webm: 4f35f7cbe854078d1ac9338744f61a02 -> 
  custom:video-encoder-webm-vp8: eb34c28f22e8b96e1ab97ce403110664 -> 
  custom:video-codec-MediaFoundation-h265: 746d11721c4dcdbdad8f713fa42b33f4 -> 
  custom:audio-encoder-webm-vorbis: bf7c407c2cedff20999df2af8eb42d56 -> 
  custom:framework-win-MediaFoundation: 216162199b28c13a410421893ffa2e32 -> 
  custom:container-demuxer-ogg: 62fdf1f143b41e24485cea50d1cbac27 -> 
  custom:video-decoder-webm-vp8: 9c59270c3fd7afecdb556c50c9e8de78 -> 
  custom:audio-decoder-ogg-vorbis: bf7c407c2cedff20999df2af8eb42d56 -> 
========================================================================
Received Import Request.
  Time since last request: 150437.390410 seconds.
  path: Assets/Settings/New Universal Render Pipeline Asset_Renderer.asset
  artifactKey: Guid(12a5b9e021b35d0409a3d67702228822) Importer(815301076,1909f56bfc062723c751e8b465ee728b)
Start importing Assets/Settings/New Universal Render Pipeline Asset_Renderer.asset using Guid(12a5b9e021b35d0409a3d67702228822) Importer(815301076,1909f56bfc062723c751e8b465ee728b)  -> (artifact id: '89c5656beb3055553b4b7f8baec0bf7c') in 0.042780 seconds 
========================================================================
Received Prepare
Switching render pipeline 00000000000000000000000000000000 -> b70140ab00dd94240adc720185687aaa
Refreshing native plugins compatible for Editor in 2.71 ms, found 3 plugins.
Preloading 0 native plugins for Editor in 0.00 ms.
Unloading 76 Unused Serialized files (Serialized files now loaded: 0)
Unloading 29 unused Assets / (0.7 MB). Loaded Objects now: 5627.
Memory consumption went from 116.4 MB to 115.8 MB.
Total: 2.957600 ms (FindLiveObjects: 0.231900 ms CreateObjectMapping: 0.198500 ms MarkObjects: 2.347500 ms  DeleteObjects: 0.178900 ms)

AssetImportParameters requested are different than current active one (requested -> active):
  custom:video-decoder-ogg-theora: a1e56fd34408186e4bbccfd4996cb3dc -> 
  custom:container-muxer-webm: aa71ff27fc2769a1b78a27578f13a17b -> 
  custom:container-demuxer-webm: 4f35f7cbe854078d1ac9338744f61a02 -> 
  custom:video-encoder-webm-vp8: eb34c28f22e8b96e1ab97ce403110664 -> 
  custom:video-codec-MediaFoundation-h265: 746d11721c4dcdbdad8f713fa42b33f4 -> 
  custom:audio-encoder-webm-vorbis: bf7c407c2cedff20999df2af8eb42d56 -> 
  custom:framework-win-MediaFoundation: 216162199b28c13a410421893ffa2e32 -> 
  custom:container-demuxer-ogg: 62fdf1f143b41e24485cea50d1cbac27 -> 
  custom:video-decoder-webm-vp8: 9c59270c3fd7afecdb556c50c9e8de78 -> 
  custom:audio-decoder-ogg-vorbis: bf7c407c2cedff20999df2af8eb42d56 -> 
========================================================================
Received Import Request.
  Time since last request: 126.160263 seconds.
  path: Assets/New Material.mat
  artifactKey: Guid(38290cd972f839e4cb88414cc2ec4279) Importer(815301076,1909f56bfc062723c751e8b465ee728b)
Start importing Assets/New Material.mat using Guid(38290cd972f839e4cb88414cc2ec4279) Importer(815301076,1909f56bfc062723c751e8b465ee728b)  -> (artifact id: '470ca3cd757dac9be388e5f2685e8966') in 0.169290 seconds 
========================================================================
Received Import Request.
  Time since last request: 0.881746 seconds.
  path: Assets/Materials/BurgerEnemy.fbx
  artifactKey: Guid(984ec7b8ec21f4b4aa47d63a94983388) Importer(815301076,1909f56bfc062723c751e8b465ee728b)
Start importing Assets/Materials/BurgerEnemy.fbx using Guid(984ec7b8ec21f4b4aa47d63a94983388) Importer(815301076,1909f56bfc062723c751e8b465ee728b)  -> (artifact id: '26863d38e1606c22b03b3885fed38228') in 0.716833 seconds 
========================================================================
Received Import Request.
  Time since last request: 0.000018 seconds.
  path: Assets/Materials/New Material 3.mat
  artifactKey: Guid(7be9909ae9b32f84d9f1e880cd2a66fb) Importer(815301076,1909f56bfc062723c751e8b465ee728b)
Start importing Assets/Materials/New Material 3.mat using Guid(7be9909ae9b32f84d9f1e880cd2a66fb) Importer(815301076,1909f56bfc062723c751e8b465ee728b)  -> (artifact id: 'd282f3a6a869614733127b099b58d288') in 0.010510 seconds 
========================================================================
Received Import Request.
  Time since last request: 0.000030 seconds.
  path: Assets/Materials/New Material 2.mat
  artifactKey: Guid(0b14d73705436f24b95af8cf29102d23) Importer(815301076,1909f56bfc062723c751e8b465ee728b)
Start importing Assets/Materials/New Material 2.mat using Guid(0b14d73705436f24b95af8cf29102d23) Importer(815301076,1909f56bfc062723c751e8b465ee728b)  -> (artifact id: '30b9b31249e687f9e07304108eb9a0a5') in 0.010030 seconds 
========================================================================
Received Import Request.
  Time since last request: 0.000019 seconds.
  path: Assets/Materials/CheeseMid.mat
  artifactKey: Guid(3da761677ed979c459f22496f2f73d5a) Importer(815301076,1909f56bfc062723c751e8b465ee728b)
Start importing Assets/Materials/CheeseMid.mat using Guid(3da761677ed979c459f22496f2f73d5a) Importer(815301076,1909f56bfc062723c751e8b465ee728b)  -> (artifact id: '587ed382e09376ce29948a00ca690f3f') in 0.008944 seconds 
========================================================================
Received Import Request.
  Time since last request: 0.000024 seconds.
  path: Assets/Materials/cloud.png
  artifactKey: Guid(3aa0068dc85fbd040818e4bd5970c3d1) Importer(815301076,1909f56bfc062723c751e8b465ee728b)
Start importing Assets/Materials/cloud.png using Guid(3aa0068dc85fbd040818e4bd5970c3d1) Importer(815301076,1909f56bfc062723c751e8b465ee728b)  -> (artifact id: 'ec503ec9508259f62de492a637442fdc') in 0.030180 seconds 
========================================================================
Received Import Request.
  Time since last request: 0.000017 seconds.
  path: Assets/Materials/DirtPile.fbx
  artifactKey: Guid(489f144cea44cd540b64c96e169821d4) Importer(815301076,1909f56bfc062723c751e8b465ee728b)
Start importing Assets/Materials/DirtPile.fbx using Guid(489f144cea44cd540b64c96e169821d4) Importer(815301076,1909f56bfc062723c751e8b465ee728b)  -> (artifact id: 'f6c45f7f605b0a22c422068e40258959') in 0.013723 seconds 
========================================================================
Received Import Request.
  Time since last request: 0.000023 seconds.
  path: Assets/Materials/Jelly 6.mat
  artifactKey: Guid(80d3b6047d5091344933afe202ac934e) Importer(815301076,1909f56bfc062723c751e8b465ee728b)
Start importing Assets/Materials/Jelly 6.mat using Guid(80d3b6047d5091344933afe202ac934e) Importer(815301076,1909f56bfc062723c751e8b465ee728b)  -> (artifact id: 'b9d7f6e78e8017efcee6d82d51b2c980') in 0.009947 seconds 
========================================================================
Received Import Request.
  Time since last request: 0.000017 seconds.
  path: Assets/Materials/FA2_Gun_fbx.fbx
  artifactKey: Guid(f36915dd12ae348469a28bdb73b329d5) Importer(815301076,1909f56bfc062723c751e8b465ee728b)
Start importing Assets/Materials/FA2_Gun_fbx.fbx using Guid(f36915dd12ae348469a28bdb73b329d5) Importer(815301076,1909f56bfc062723c751e8b465ee728b)  -> (artifact id: '427cdd9319b84c14195b23c5d27f9914') in 0.057731 seconds 
========================================================================
Received Import Request.
  Time since last request: 0.000018 seconds.
  path: Assets/Materials/Jelly 2.mat
  artifactKey: Guid(69d9b9077319e4b4b840abaa7c853f8c) Importer(815301076,1909f56bfc062723c751e8b465ee728b)
Start importing Assets/Materials/Jelly 2.mat using Guid(69d9b9077319e4b4b840abaa7c853f8c) Importer(815301076,1909f56bfc062723c751e8b465ee728b)  -> (artifact id: '4c1df6ffbe99ea3f77aaf2a6519f1430') in 0.009346 seconds 
========================================================================
Received Import Request.
  Time since last request: 0.000018 seconds.
  path: Assets/Materials/Jelly 1.mat
  artifactKey: Guid(d394d6715e3e0c346b88ca84fa2da0eb) Importer(815301076,1909f56bfc062723c751e8b465ee728b)
Start importing Assets/Materials/Jelly 1.mat using Guid(d394d6715e3e0c346b88ca84fa2da0eb) Importer(815301076,1909f56bfc062723c751e8b465ee728b)  -> (artifact id: '0e84bc03e159caca3c4dea8e4737eef0') in 0.010210 seconds 
========================================================================
Received Import Request.
  Time since last request: 0.000018 seconds.
  path: Assets/Materials/Wood Board Texture.jpg
  artifactKey: Guid(b3486c3e46119ef4986cdcbfc6cf87c7) Importer(815301076,1909f56bfc062723c751e8b465ee728b)
Start importing Assets/Materials/Wood Board Texture.jpg using Guid(b3486c3e46119ef4986cdcbfc6cf87c7) Importer(815301076,1909f56bfc062723c751e8b465ee728b)  -> (artifact id: 'ee25bbf8af237bb78a74da209abe91d5') in 0.010838 seconds 
========================================================================
Received Import Request.
  Time since last request: 285.901190 seconds.
  path: Packages/com.unity.collab-proxy/Editor/Collaborate/Assets/Icons/added-file-dark@2x.png
  artifactKey: Guid(c223e0c507e2c6549a2cb97441b62cbe) Importer(815301076,1909f56bfc062723c751e8b465ee728b)
Start importing Packages/com.unity.collab-proxy/Editor/Collaborate/Assets/Icons/added-file-dark@2x.png using Guid(c223e0c507e2c6549a2cb97441b62cbe) Importer(815301076,1909f56bfc062723c751e8b465ee728b)  -> (artifact id: '0a664b0bfde2bcdd48b1e4f98a42827d') in 0.020241 seconds 
========================================================================
Received Import Request.
  Time since last request: 0.000028 seconds.
  path: Packages/com.unity.collab-proxy/Editor/Collaborate/Assets/Icons/back-light@2x.png
  artifactKey: Guid(f5c57327df0fa294c8209aa216435167) Importer(815301076,1909f56bfc062723c751e8b465ee728b)
Start importing Packages/com.unity.collab-proxy/Editor/Collaborate/Assets/Icons/back-light@2x.png using Guid(f5c57327df0fa294c8209aa216435167) Importer(815301076,1909f56bfc062723c751e8b465ee728b)  -> (artifact id: '54709eda2957b5259520731a6c609f9b') in 0.009122 seconds 
========================================================================
Received Import Request.
  Time since last request: 0.000020 seconds.
  path: Packages/com.unity.collab-proxy/Editor/Collaborate/Assets/Icons/back-dark.png
  artifactKey: Guid(8e3ec2dfd58b79842aa78376678a9a05) Importer(815301076,1909f56bfc062723c751e8b465ee728b)
Start importing Packages/com.unity.collab-proxy/Editor/Collaborate/Assets/Icons/back-dark.png using Guid(8e3ec2dfd58b79842aa78376678a9a05) Importer(815301076,1909f56bfc062723c751e8b465ee728b)  -> (artifact id: '4955c522534d3a0339065bd33caec7d8') in 0.008247 seconds 
========================================================================
Received Import Request.
  Time since last request: 0.000017 seconds.
  path: Packages/com.unity.collab-proxy/Editor/Collaborate/Assets/Icons/back-dark@2x.png
  artifactKey: Guid(9c6313a5316f8a34b852bf94ff96e3ab) Importer(815301076,1909f56bfc062723c751e8b465ee728b)
Start importing Packages/com.unity.collab-proxy/Editor/Collaborate/Assets/Icons/back-dark@2x.png using Guid(9c6313a5316f8a34b852bf94ff96e3ab) Importer(815301076,1909f56bfc062723c751e8b465ee728b)  -> (artifact id: 'e4da96d913325afc111f9bb669d34557') in 0.010018 seconds 
========================================================================
Received Import Request.
  Time since last request: 0.000014 seconds.
  path: Packages/com.unity.collab-proxy/Editor/Collaborate/Assets/Icons/back-light.png
  artifactKey: Guid(e676ab7aa99535447a763c9f88bf9260) Importer(815301076,1909f56bfc062723c751e8b465ee728b)
Start importing Packages/com.unity.collab-proxy/Editor/Collaborate/Assets/Icons/back-light.png using Guid(e676ab7aa99535447a763c9f88bf9260) Importer(815301076,1909f56bfc062723c751e8b465ee728b)  -> (artifact id: 'dda59f7e54e631119f433996c1e8eabf') in 0.008230 seconds 
========================================================================
Received Import Request.
  Time since last request: 0.000017 seconds.
  path: Packages/com.unity.collab-proxy/Editor/Collaborate/Assets/Icons/added-file-light.png
  artifactKey: Guid(397fff6c3885f8343bb65714f0064b5d) Importer(815301076,1909f56bfc062723c751e8b465ee728b)
Start importing Packages/com.unity.collab-proxy/Editor/Collaborate/Assets/Icons/added-file-light.png using Guid(397fff6c3885f8343bb65714f0064b5d) Importer(815301076,1909f56bfc062723c751e8b465ee728b)  -> (artifact id: '38c4ae107c0f6c80332436e79fe58259') in 0.008611 seconds 
========================================================================
Received Import Request.
  Time since last request: 20.321341 seconds.
  path: Assets/Materials/Textured Materials/PlanterBoxMat.mat
  artifactKey: Guid(1bcebb13e2b036844a84bb86f7af4a98) Importer(815301076,1909f56bfc062723c751e8b465ee728b)
Start importing Assets/Materials/Textured Materials/PlanterBoxMat.mat using Guid(1bcebb13e2b036844a84bb86f7af4a98) Importer(815301076,1909f56bfc062723c751e8b465ee728b)  -> (artifact id: 'fd1e75d3cc16fe4206eebbc309151ba6') in 0.010119 seconds 
========================================================================
Received Import Request.
  Time since last request: 106.791980 seconds.
  path: Packages/com.unity.collab-proxy/Editor/Collaborate/Assets/Icons/collaborate-warning-dark@2x.png
  artifactKey: Guid(45308e2aea842dd4e87bb30395d6e303) Importer(815301076,1909f56bfc062723c751e8b465ee728b)
Start importing Packages/com.unity.collab-proxy/Editor/Collaborate/Assets/Icons/collaborate-warning-dark@2x.png using Guid(45308e2aea842dd4e87bb30395d6e303) Importer(815301076,1909f56bfc062723c751e8b465ee728b)  -> (artifact id: '8b02d92fc0862659f64a6eca6903ab4b') in 0.019059 seconds 
========================================================================
Received Import Request.
  Time since last request: 0.000017 seconds.
  path: Packages/com.unity.collab-proxy/Editor/PlasticSCM/Assets/Images/d_iconplasticviewnotify@2x.png
  artifactKey: Guid(64eb0648ca0d11944a9517d8662508fd) Importer(815301076,1909f56bfc062723c751e8b465ee728b)
Start importing Packages/com.unity.collab-proxy/Editor/PlasticSCM/Assets/Images/d_iconplasticviewnotify@2x.png using Guid(64eb0648ca0d11944a9517d8662508fd) Importer(815301076,1909f56bfc062723c751e8b465ee728b)  -> (artifact id: '7fd5b17dc87cd8ba3c46c21abf5fceb0') in 0.016564 seconds 
========================================================================
Received Import Request.
  Time since last request: 0.000019 seconds.
  path: Packages/com.unity.collab-proxy/Editor/PlasticSCM/Assets/Images/d_iconplasticview.png
  artifactKey: Guid(519d97e745e55f041b609f3666cbc037) Importer(815301076,1909f56bfc062723c751e8b465ee728b)
Start importing Packages/com.unity.collab-proxy/Editor/PlasticSCM/Assets/Images/d_iconplasticview.png using Guid(519d97e745e55f041b609f3666cbc037) Importer(815301076,1909f56bfc062723c751e8b465ee728b)  -> (artifact id: '6a219ba98728c927db8736fb856146ba') in 0.016710 seconds 
========================================================================
Received Import Request.
  Time since last request: 0.000018 seconds.
  path: Packages/com.unity.collab-proxy/Editor/Collaborate/Assets/Icons/collaborate-warning-light.png
  artifactKey: Guid(1e80543db0ef9494a9c1777f01e1a4a0) Importer(815301076,1909f56bfc062723c751e8b465ee728b)
Start importing Packages/com.unity.collab-proxy/Editor/Collaborate/Assets/Icons/collaborate-warning-light.png using Guid(1e80543db0ef9494a9c1777f01e1a4a0) Importer(815301076,1909f56bfc062723c751e8b465ee728b)  -> (artifact id: '3573eb7bc4e78fe301e6217b22760bb6') in 0.009551 seconds 
========================================================================
Received Import Request.
  Time since last request: 205.674145 seconds.
  path: Assets/New Material.mat
  artifactKey: Guid(38290cd972f839e4cb88414cc2ec4279) Importer(815301076,1909f56bfc062723c751e8b465ee728b)
Start importing Assets/New Material.mat using Guid(38290cd972f839e4cb88414cc2ec4279) Importer(815301076,1909f56bfc062723c751e8b465ee728b)  -> (artifact id: 'e47011b93a9b24ad25810aaf460ce48c') in 0.558922 seconds 
========================================================================
Received Import Request.
  Time since last request: 39.305814 seconds.
  path: Assets/Materials/CheeseMid.mat
  artifactKey: Guid(3da761677ed979c459f22496f2f73d5a) Importer(815301076,1909f56bfc062723c751e8b465ee728b)
Start importing Assets/Materials/CheeseMid.mat using Guid(3da761677ed979c459f22496f2f73d5a) Importer(815301076,1909f56bfc062723c751e8b465ee728b)  -> (artifact id: '81249550d9e28d0e615def9e4ddaa2a6') in 0.528811 seconds 
========================================================================
Received Import Request.
  Time since last request: 42.936438 seconds.
  path: Assets/Materials/Textured Materials/PlanterBoxMat.mat
  artifactKey: Guid(1bcebb13e2b036844a84bb86f7af4a98) Importer(815301076,1909f56bfc062723c751e8b465ee728b)
Start importing Assets/Materials/Textured Materials/PlanterBoxMat.mat using Guid(1bcebb13e2b036844a84bb86f7af4a98) Importer(815301076,1909f56bfc062723c751e8b465ee728b)  -> (artifact id: '527017fd3439c7d7c38a6b70350ff5ad') in 0.012961 seconds 
========================================================================
Received Import Request.
  Time since last request: 233.065713 seconds.
  path: Assets/FBX/Cheese.fbx
  artifactKey: Guid(ec4243ef95c52a54ba3a8e883c90e7d8) Importer(815301076,1909f56bfc062723c751e8b465ee728b)
Start importing Assets/FBX/Cheese.fbx using Guid(ec4243ef95c52a54ba3a8e883c90e7d8) Importer(815301076,1909f56bfc062723c751e8b465ee728b)  -> (artifact id: '6073402578f01c02a5933684297f143a') in 0.041659 seconds 
========================================================================
Received Import Request.
  Time since last request: 0.000018 seconds.
  path: Assets/FBX/Marshmellow.fbx
  artifactKey: Guid(b7e347e947697bc4bb982a0c644ef924) Importer(815301076,1909f56bfc062723c751e8b465ee728b)
Start importing Assets/FBX/Marshmellow.fbx using Guid(b7e347e947697bc4bb982a0c644ef924) Importer(815301076,1909f56bfc062723c751e8b465ee728b)  -> (artifact id: 'b8a6f03e4959e49d1478f547e5c43e36') in 0.031739 seconds 
========================================================================
Received Import Request.
  Time since last request: 0.000018 seconds.
  path: Assets/FBX/SeedPacket.fbx
  artifactKey: Guid(2fdf7753a28fa9f42a7ca6214ca5a269) Importer(815301076,1909f56bfc062723c751e8b465ee728b)
Start importing Assets/FBX/SeedPacket.fbx using Guid(2fdf7753a28fa9f42a7ca6214ca5a269) Importer(815301076,1909f56bfc062723c751e8b465ee728b)  -> (artifact id: 'c85b0a4f8d63e9a49f6295aed9487c2b') in 0.019760 seconds 
Editor requested this worker to shutdown with reason: Scaling down because of idle timeout
AssetImportWorker is now disconnected from the server
Process exiting
Exiting without the bug reporter. Application will terminate with return code 0