Using pre-set license
Built from '2022.1/staging' branch; Version is '2022.1.23f1 (9636b062134a) revision 9844400'; Using compiler version '192829333'; Build Type 'Release'
OS: 'Windows 11  (10.0.22621) 64bit Core' Language: 'en' Physical Memory: 32603 MB
BatchMode: 1, IsHumanControllingUs: 0, StartBugReporterOnCrash: 0, Is64bit: 1, IsPro: 1

COMMAND LINE ARGUMENTS:
C:\Program Files\Unity\Hub\Editor\2022.1.23f1-x86_64\Editor\Unity.exe
-adb2
-batchMode
-noUpm
-name
AssetImportWorker2
-projectPath
N:/Documents/Git/FarmAttack/Project Folder/Farm Attack 2 Attack of the Sigmas
-logFile
Logs/AssetImportWorker2.log
-srvPort
59696
Successfully changed project path to: N:/Documents/Git/FarmAttack/Project Folder/Farm Attack 2 Attack of the Sigmas
N:/Documents/Git/FarmAttack/Project Folder/Farm Attack 2 Attack of the Sigmas
[UnityMemory] Configuration Parameters - Can be set up in boot.config
    "memorysetup-bucket-allocator-granularity=16"
    "memorysetup-bucket-allocator-bucket-count=8"
    "memorysetup-bucket-allocator-block-size=33554432"
    "memorysetup-bucket-allocator-block-count=8"
    "memorysetup-main-allocator-block-size=16777216"
    "memorysetup-thread-allocator-block-size=16777216"
    "memorysetup-gfx-main-allocator-block-size=16777216"
    "memorysetup-gfx-thread-allocator-block-size=16777216"
    "memorysetup-cache-allocator-block-size=4194304"
    "memorysetup-typetree-allocator-block-size=2097152"
    "memorysetup-profiler-bucket-allocator-granularity=16"
    "memorysetup-profiler-bucket-allocator-bucket-count=8"
    "memorysetup-profiler-bucket-allocator-block-size=33554432"
    "memorysetup-profiler-bucket-allocator-block-count=8"
    "memorysetup-profiler-allocator-block-size=16777216"
    "memorysetup-profiler-editor-allocator-block-size=1048576"
    "memorysetup-temp-allocator-size-main=16777216"
    "memorysetup-job-temp-allocator-block-size=2097152"
    "memorysetup-job-temp-allocator-block-size-background=1048576"
    "memorysetup-job-temp-allocator-reduction-small-platforms=262144"
    "memorysetup-temp-allocator-size-background-worker=32768"
    "memorysetup-temp-allocator-size-job-worker=262144"
    "memorysetup-temp-allocator-size-preload-manager=33554432"
    "memorysetup-temp-allocator-size-nav-mesh-worker=65536"
    "memorysetup-temp-allocator-size-audio-worker=65536"
    "memorysetup-temp-allocator-size-cloud-worker=32768"
    "memorysetup-temp-allocator-size-gi-baking-worker=262144"
    "memorysetup-temp-allocator-size-gfx=262144"
Refreshing native plugins compatible for Editor in 63.94 ms, found 3 plugins.
Preloading 0 native plugins for Editor in 0.00 ms.
Initialize engine version: 2022.1.23f1 (9636b062134a)
[Subsystems] Discovering subsystems at path C:/Program Files/Unity/Hub/Editor/2022.1.23f1-x86_64/Editor/Data/Resources/UnitySubsystems
[Subsystems] Discovering subsystems at path N:/Documents/Git/FarmAttack/Project Folder/Farm Attack 2 Attack of the Sigmas/Assets
GfxDevice: creating device client; threaded=0; jobified=0
Direct3D:
    Version:  Direct3D 11.0 [level 11.1]
    Renderer: NVIDIA GeForce RTX 4080 (ID=0x2704)
    Vendor:   NVIDIA
    VRAM:     16064 MB
    Driver:   31.0.15.3623
Initialize mono
Mono path[0] = 'C:/Program Files/Unity/Hub/Editor/2022.1.23f1-x86_64/Editor/Data/Managed'
Mono path[1] = 'C:/Program Files/Unity/Hub/Editor/2022.1.23f1-x86_64/Editor/Data/MonoBleedingEdge/lib/mono/unityjit-win32'
Mono config path = 'C:/Program Files/Unity/Hub/Editor/2022.1.23f1-x86_64/Editor/Data/MonoBleedingEdge/etc'
Using monoOptions --debugger-agent=transport=dt_socket,embedding=1,server=y,suspend=n,address=127.0.0.1:56964
Begin MonoManager ReloadAssembly
Registering precompiled unity dll's ...
Register platform support module: C:/Program Files/Unity/Hub/Editor/2022.1.23f1-x86_64/Editor/Data/PlaybackEngines/WindowsStandaloneSupport/UnityEditor.WindowsStandalone.Extensions.dll
Register platform support module: C:/Program Files/Unity/Hub/Editor/2022.1.23f1-x86_64/Editor/Data/PlaybackEngines/MetroSupport/UnityEditor.UWP.Extensions.dll
Registered in 0.004402 seconds.
Native extension for UWP target not found
Native extension for WindowsStandalone target not found
Refreshing native plugins compatible for Editor in 62.60 ms, found 3 plugins.
Preloading 0 native plugins for Editor in 0.00 ms.
Mono: successfully reloaded assembly
- Completed reload, in  0.424 seconds
Domain Reload Profiling:
	ReloadAssembly (425ms)
		BeginReloadAssembly (47ms)
			ExecutionOrderSort (0ms)
			DisableScriptedObjects (0ms)
			BackupInstance (0ms)
			ReleaseScriptingObjects (0ms)
			CreateAndSetChildDomain (0ms)
		EndReloadAssembly (302ms)
			LoadAssemblies (47ms)
			RebuildTransferFunctionScriptingTraits (0ms)
			SetupTypeCache (69ms)
				TypeCache.Initialize (69ms)
					TypeCache.ScanAssembly (68ms)
				ResolveRequiredComponents (0ms)
			ReleaseScriptCaches (0ms)
			RebuildScriptCaches (18ms)
			SetupLoadedEditorAssemblies (180ms)
				LogAssemblyErrors (0ms)
				InitializePlatformSupportModulesInManaged (5ms)
				SetLoadedEditorAssemblies (4ms)
				RefreshPlugins (63ms)
				BeforeProcessingInitializeOnLoad (1ms)
				ProcessInitializeOnLoadAttributes (80ms)
				ProcessInitializeOnLoadMethodAttributes (26ms)
				AfterProcessingInitializeOnLoad (0ms)
				EditorAssembliesLoaded (0ms)
			ExecutionOrderSort2 (0ms)
			AwakeInstancesAfterBackupRestoration (0ms)
Platform modules already initialized, skipping
Registering precompiled user dll's ...
Registered in 0.004324 seconds.
Begin MonoManager ReloadAssembly
Symbol file LoadedFromMemory doesn't match image N:\Documents\Git\FarmAttack\Project Folder\Farm Attack 2 Attack of the Sigmas\Library\PackageCache\com.unity.visualscripting@1.7.8\Editor\VisualScripting.Core\Dependencies\YamlDotNet\Unity.VisualScripting.YamlDotNet.dll
Symbol file LoadedFromMemory doesn't match image N:\Documents\Git\FarmAttack\Project Folder\Farm Attack 2 Attack of the Sigmas\Library\PackageCache\com.unity.visualscripting@1.7.8\Editor\VisualScripting.Core\Dependencies\DotNetZip\Unity.VisualScripting.IonicZip.dll
Native extension for UWP target not found
Native extension for WindowsStandalone target not found
Refreshing native plugins compatible for Editor in 60.48 ms, found 3 plugins.
Preloading 0 native plugins for Editor in 0.00 ms.
Mono: successfully reloaded assembly
- Completed reload, in  0.812 seconds
Domain Reload Profiling:
	ReloadAssembly (812ms)
		BeginReloadAssembly (69ms)
			ExecutionOrderSort (0ms)
			DisableScriptedObjects (3ms)
			BackupInstance (0ms)
			ReleaseScriptingObjects (0ms)
			CreateAndSetChildDomain (12ms)
		EndReloadAssembly (675ms)
			LoadAssemblies (58ms)
			RebuildTransferFunctionScriptingTraits (0ms)
			SetupTypeCache (208ms)
				TypeCache.Initialize (202ms)
					TypeCache.ScanAssembly (199ms)
				ResolveRequiredComponents (6ms)
			ReleaseScriptCaches (0ms)
			RebuildScriptCaches (36ms)
			SetupLoadedEditorAssemblies (345ms)
				LogAssemblyErrors (0ms)
				InitializePlatformSupportModulesInManaged (3ms)
				SetLoadedEditorAssemblies (4ms)
				RefreshPlugins (61ms)
				BeforeProcessingInitializeOnLoad (67ms)
				ProcessInitializeOnLoadAttributes (156ms)
				ProcessInitializeOnLoadMethodAttributes (50ms)
				AfterProcessingInitializeOnLoad (4ms)
				EditorAssembliesLoaded (0ms)
			ExecutionOrderSort2 (0ms)
			AwakeInstancesAfterBackupRestoration (4ms)
Platform modules already initialized, skipping
========================================================================
Worker process is ready to serve import requests
Launched and connected shader compiler UnityShaderCompiler.exe after 0.03 seconds
Refreshing native plugins compatible for Editor in 0.67 ms, found 3 plugins.
Preloading 0 native plugins for Editor in 0.00 ms.
Unloading 5195 Unused Serialized files (Serialized files now loaded: 0)
Unloading 32 unused Assets / (349.8 KB). Loaded Objects now: 5653.
Memory consumption went from 0.81 GB to 0.81 GB.
Total: 2.282900 ms (FindLiveObjects: 0.238700 ms CreateObjectMapping: 0.079500 ms MarkObjects: 1.864100 ms  DeleteObjects: 0.099400 ms)

AssetImportParameters requested are different than current active one (requested -> active):
  custom:video-decoder-ogg-theora: a1e56fd34408186e4bbccfd4996cb3dc -> 
  custom:container-muxer-webm: aa71ff27fc2769a1b78a27578f13a17b -> 
  custom:container-demuxer-webm: 4f35f7cbe854078d1ac9338744f61a02 -> 
  custom:video-encoder-webm-vp8: eb34c28f22e8b96e1ab97ce403110664 -> 
  custom:video-codec-MediaFoundation-h265: 746d11721c4dcdbdad8f713fa42b33f4 -> 
  custom:audio-encoder-webm-vorbis: bf7c407c2cedff20999df2af8eb42d56 -> 
  custom:framework-win-MediaFoundation: 216162199b28c13a410421893ffa2e32 -> 
  custom:container-demuxer-ogg: 62fdf1f143b41e24485cea50d1cbac27 -> 
  custom:video-decoder-webm-vp8: 9c59270c3fd7afecdb556c50c9e8de78 -> 
  custom:audio-decoder-ogg-vorbis: bf7c407c2cedff20999df2af8eb42d56 -> 
========================================================================
Received Import Request.
  Time since last request: 166442.943451 seconds.
  path: Assets/Materials/GunMats/Labels.mat
  artifactKey: Guid(d1585bf62feb74c43a6fe85b02013f23) Importer(815301076,1909f56bfc062723c751e8b465ee728b)
Start importing Assets/Materials/GunMats/Labels.mat using Guid(d1585bf62feb74c43a6fe85b02013f23) Importer(815301076,1909f56bfc062723c751e8b465ee728b)  -> (artifact id: 'bf7eeeb5e7551fa1d37debaa464bfe3a') in 0.198137 seconds 
========================================================================
Received Import Request.
  Time since last request: 13.942443 seconds.
  path: Assets/Materials/Outlines
  artifactKey: Guid(f8794f56a8be40441a3ea7260a6a2801) Importer(815301076,1909f56bfc062723c751e8b465ee728b)
Start importing Assets/Materials/Outlines using Guid(f8794f56a8be40441a3ea7260a6a2801) Importer(815301076,1909f56bfc062723c751e8b465ee728b)  -> (artifact id: 'c0bd96f52b98a9ffa70159e2bd278dfa') in 0.001798 seconds 
========================================================================
Received Import Request.
  Time since last request: 4.842602 seconds.
  path: Assets/Materials/Outlines/BurgerOutline.mat
  artifactKey: Guid(a496a653637a59243a18a2ebd3b3bf25) Importer(815301076,1909f56bfc062723c751e8b465ee728b)
Start importing Assets/Materials/Outlines/BurgerOutline.mat using Guid(a496a653637a59243a18a2ebd3b3bf25) Importer(815301076,1909f56bfc062723c751e8b465ee728b)  -> (artifact id: 'dc4207430a9964dce082b272b0ea5cdb') in 0.012021 seconds 
========================================================================
Received Import Request.
  Time since last request: 0.000023 seconds.
  path: Assets/Materials/Outlines/DefaultOutline.mat
  artifactKey: Guid(d664b1875e943ee498579effdf34666f) Importer(815301076,1909f56bfc062723c751e8b465ee728b)
Start importing Assets/Materials/Outlines/DefaultOutline.mat using Guid(d664b1875e943ee498579effdf34666f) Importer(815301076,1909f56bfc062723c751e8b465ee728b)  -> (artifact id: '0e51588e29e7541d0ac5767406b64f79') in 0.010497 seconds 
========================================================================
Received Import Request.
  Time since last request: 4.383886 seconds.
  path: Assets/Materials/Outlines/DonutOutline.mat
  artifactKey: Guid(3aa582a8cc2faf1479002b34375ec580) Importer(815301076,1909f56bfc062723c751e8b465ee728b)
Start importing Assets/Materials/Outlines/DonutOutline.mat using Guid(3aa582a8cc2faf1479002b34375ec580) Importer(815301076,1909f56bfc062723c751e8b465ee728b)  -> (artifact id: 'c26577ac6d4f7e1a1814d66dea48d094') in 0.010893 seconds 
========================================================================
Received Import Request.
  Time since last request: 43.562936 seconds.
  path: Assets/Materials/GunMats/UntexturedBase.mat
  artifactKey: Guid(5e694981a1acf214da47232eb5379295) Importer(815301076,1909f56bfc062723c751e8b465ee728b)
Start importing Assets/Materials/GunMats/UntexturedBase.mat using Guid(5e694981a1acf214da47232eb5379295) Importer(815301076,1909f56bfc062723c751e8b465ee728b)  -> (artifact id: '361ef6f934af8299d80d0f60dea57f99') in 0.010699 seconds 
========================================================================
Received Import Request.
  Time since last request: 30.141558 seconds.
  path: Assets/FBX/Donut.fbx
  artifactKey: Guid(e2f0fc6cab791214da70d42200cf6151) Importer(815301076,1909f56bfc062723c751e8b465ee728b)
Start importing Assets/FBX/Donut.fbx using Guid(e2f0fc6cab791214da70d42200cf6151) Importer(815301076,1909f56bfc062723c751e8b465ee728b)  -> (artifact id: 'b2774018bfea85f459298210850f9d76') in 0.029374 seconds 
========================================================================
Received Import Request.
  Time since last request: 2.209442 seconds.
  path: Assets/FBX/Donut.fbx
  artifactKey: Guid(e2f0fc6cab791214da70d42200cf6151) Importer(815301076,1909f56bfc062723c751e8b465ee728b)
Start importing Assets/FBX/Donut.fbx using Guid(e2f0fc6cab791214da70d42200cf6151) Importer(815301076,1909f56bfc062723c751e8b465ee728b)  -> (artifact id: '1efc477e74b7c334823e577abfed3a3f') in 0.013680 seconds 
========================================================================
Received Import Request.
  Time since last request: 14.297133 seconds.
  path: Assets/FBX/Donut.fbx
  artifactKey: Guid(e2f0fc6cab791214da70d42200cf6151) Importer(815301076,1909f56bfc062723c751e8b465ee728b)
Start importing Assets/FBX/Donut.fbx using Guid(e2f0fc6cab791214da70d42200cf6151) Importer(815301076,1909f56bfc062723c751e8b465ee728b)  -> (artifact id: 'b60edc7ece9b9c03f519b12d32df68d1') in 0.013735 seconds 
========================================================================
Received Import Request.
  Time since last request: 9.707704 seconds.
  path: Assets/FBX/Donut.fbx
  artifactKey: Guid(e2f0fc6cab791214da70d42200cf6151) Importer(815301076,1909f56bfc062723c751e8b465ee728b)
Start importing Assets/FBX/Donut.fbx using Guid(e2f0fc6cab791214da70d42200cf6151) Importer(815301076,1909f56bfc062723c751e8b465ee728b)  -> (artifact id: 'eb3bd7d481a189d5b0c52579675a1f0e') in 0.013593 seconds 
========================================================================
Received Import Request.
  Time since last request: 7.665733 seconds.
  path: Assets/FBX/Donut.fbx
  artifactKey: Guid(e2f0fc6cab791214da70d42200cf6151) Importer(815301076,1909f56bfc062723c751e8b465ee728b)
Start importing Assets/FBX/Donut.fbx using Guid(e2f0fc6cab791214da70d42200cf6151) Importer(815301076,1909f56bfc062723c751e8b465ee728b)  -> (artifact id: '5ff17e34b8c22e706055c1eb84bd1b10') in 0.013786 seconds 
========================================================================
Received Import Request.
  Time since last request: 5.269552 seconds.
  path: Assets/FBX/Donut.fbx
  artifactKey: Guid(e2f0fc6cab791214da70d42200cf6151) Importer(815301076,1909f56bfc062723c751e8b465ee728b)
Start importing Assets/FBX/Donut.fbx using Guid(e2f0fc6cab791214da70d42200cf6151) Importer(815301076,1909f56bfc062723c751e8b465ee728b)  -> (artifact id: '28d5f62e596b22dde6c5ce7688c64438') in 0.019265 seconds 
========================================================================
Received Import Request.
  Time since last request: 9.343532 seconds.
  path: Assets/FBX/Donut.fbx
  artifactKey: Guid(e2f0fc6cab791214da70d42200cf6151) Importer(815301076,1909f56bfc062723c751e8b465ee728b)
Start importing Assets/FBX/Donut.fbx using Guid(e2f0fc6cab791214da70d42200cf6151) Importer(815301076,1909f56bfc062723c751e8b465ee728b)  -> (artifact id: 'c1b3c76d69808f982abada4db7a4fa5e') in 0.016785 seconds 
========================================================================
Received Import Request.
  Time since last request: 6.700453 seconds.
  path: Assets/FBX/Donut.fbx
  artifactKey: Guid(e2f0fc6cab791214da70d42200cf6151) Importer(815301076,1909f56bfc062723c751e8b465ee728b)
Start importing Assets/FBX/Donut.fbx using Guid(e2f0fc6cab791214da70d42200cf6151) Importer(815301076,1909f56bfc062723c751e8b465ee728b)  -> (artifact id: 'bd7cadd9da050c6b0d26a8d8c5a8737b') in 0.013596 seconds 
========================================================================
Received Import Request.
  Time since last request: 3.811653 seconds.
  path: Assets/FBX/Donut.fbx
  artifactKey: Guid(e2f0fc6cab791214da70d42200cf6151) Importer(815301076,1909f56bfc062723c751e8b465ee728b)
Start importing Assets/FBX/Donut.fbx using Guid(e2f0fc6cab791214da70d42200cf6151) Importer(815301076,1909f56bfc062723c751e8b465ee728b)  -> (artifact id: 'e6685ed87d4e6e19a220c2e1313ec727') in 0.013146 seconds 
========================================================================
Received Import Request.
  Time since last request: 23.342870 seconds.
  path: Assets/FBX/Donut.fbx
  artifactKey: Guid(e2f0fc6cab791214da70d42200cf6151) Importer(815301076,1909f56bfc062723c751e8b465ee728b)
Start importing Assets/FBX/Donut.fbx using Guid(e2f0fc6cab791214da70d42200cf6151) Importer(815301076,1909f56bfc062723c751e8b465ee728b)  -> (artifact id: 'e653c67993e465767c6b86d87268d381') in 0.013703 seconds 
========================================================================
Received Import Request.
  Time since last request: 11.610533 seconds.
  path: Assets/FBX/Donut.fbx
  artifactKey: Guid(e2f0fc6cab791214da70d42200cf6151) Importer(815301076,1909f56bfc062723c751e8b465ee728b)
Start importing Assets/FBX/Donut.fbx using Guid(e2f0fc6cab791214da70d42200cf6151) Importer(815301076,1909f56bfc062723c751e8b465ee728b)  -> (artifact id: 'c9408a2b2360027bb098635a589dd72a') in 0.015306 seconds 
========================================================================
Received Import Request.
  Time since last request: 30.212013 seconds.
  path: Packages/com.unity.searcher/Editor/Resources/FlatSkin/Font/Roboto-MediumItalic.ttf
  artifactKey: Guid(d93c1bc57fdf1ac4dad1bf04fac05464) Importer(815301076,1909f56bfc062723c751e8b465ee728b)
Start importing Packages/com.unity.searcher/Editor/Resources/FlatSkin/Font/Roboto-MediumItalic.ttf using Guid(d93c1bc57fdf1ac4dad1bf04fac05464) Importer(815301076,1909f56bfc062723c751e8b465ee728b)  -> (artifact id: 'a90ded22926e59f103836110d83c4bc4') in 0.031775 seconds 
========================================================================
Received Import Request.
  Time since last request: 16.112247 seconds.
  path: Packages/com.unity.searcher/Editor/Resources/FlatSkin/Font/Roboto-Thin.ttf
  artifactKey: Guid(19a9abb883540be48b75b951a927ae03) Importer(815301076,1909f56bfc062723c751e8b465ee728b)
Start importing Packages/com.unity.searcher/Editor/Resources/FlatSkin/Font/Roboto-Thin.ttf using Guid(19a9abb883540be48b75b951a927ae03) Importer(815301076,1909f56bfc062723c751e8b465ee728b)  -> (artifact id: '0ebacba5806026044c69a7cd57240837') in 0.018220 seconds 
========================================================================
Received Import Request.
  Time since last request: 0.000016 seconds.
  path: Packages/com.unity.searcher/Editor/Resources/FlatSkin/Font/Roboto-BlackItalic.ttf
  artifactKey: Guid(f95147a9bab9fe649b8070170fa7ebd2) Importer(815301076,1909f56bfc062723c751e8b465ee728b)
Start importing Packages/com.unity.searcher/Editor/Resources/FlatSkin/Font/Roboto-BlackItalic.ttf using Guid(f95147a9bab9fe649b8070170fa7ebd2) Importer(815301076,1909f56bfc062723c751e8b465ee728b)  -> (artifact id: 'ad68f9c937f3fff9e7ac1ce6aca2091f') in 0.019142 seconds 
========================================================================
Received Import Request.
  Time since last request: 16.133900 seconds.
  path: Assets/Materials/Outlines/DonutOutline.mat
  artifactKey: Guid(3aa582a8cc2faf1479002b34375ec580) Importer(815301076,1909f56bfc062723c751e8b465ee728b)
Start importing Assets/Materials/Outlines/DonutOutline.mat using Guid(3aa582a8cc2faf1479002b34375ec580) Importer(815301076,1909f56bfc062723c751e8b465ee728b)  -> (artifact id: 'ccbcf8033be153ac6acb4de0f7de4a21') in 0.009687 seconds 
========================================================================
Received Import Request.
  Time since last request: 4.885306 seconds.
  path: Assets/Materials/Outlines/MarshMallowOUtline.mat
  artifactKey: Guid(d38baed2f8ccfe94f9ee0e0a04b6654f) Importer(815301076,1909f56bfc062723c751e8b465ee728b)
Start importing Assets/Materials/Outlines/MarshMallowOUtline.mat using Guid(d38baed2f8ccfe94f9ee0e0a04b6654f) Importer(815301076,1909f56bfc062723c751e8b465ee728b)  -> (artifact id: '56451c87dbea13924486004b83042299') in 0.011864 seconds 
========================================================================
Received Import Request.
  Time since last request: 32.691811 seconds.
  path: Assets/FBX/Marshmellow.fbx
  artifactKey: Guid(b7e347e947697bc4bb982a0c644ef924) Importer(815301076,1909f56bfc062723c751e8b465ee728b)
Start importing Assets/FBX/Marshmellow.fbx using Guid(b7e347e947697bc4bb982a0c644ef924) Importer(815301076,1909f56bfc062723c751e8b465ee728b)  -> (artifact id: 'c62dee7b1137c9cec654386aa2ac7401') in 0.028565 seconds 
========================================================================
Received Import Request.
  Time since last request: 9.086081 seconds.
  path: Assets/FBX/Marshmellow.fbx
  artifactKey: Guid(b7e347e947697bc4bb982a0c644ef924) Importer(815301076,1909f56bfc062723c751e8b465ee728b)
Start importing Assets/FBX/Marshmellow.fbx using Guid(b7e347e947697bc4bb982a0c644ef924) Importer(815301076,1909f56bfc062723c751e8b465ee728b)  -> (artifact id: 'ed4ef9beb8571cc579a18e73bfdb9944') in 0.021864 seconds 
========================================================================
Received Import Request.
  Time since last request: 10.892328 seconds.
  path: Assets/FBX/Marshmellow.fbx
  artifactKey: Guid(b7e347e947697bc4bb982a0c644ef924) Importer(815301076,1909f56bfc062723c751e8b465ee728b)
Start importing Assets/FBX/Marshmellow.fbx using Guid(b7e347e947697bc4bb982a0c644ef924) Importer(815301076,1909f56bfc062723c751e8b465ee728b)  -> (artifact id: 'c014c6e0e5d5a22b324c7926904c4427') in 0.026427 seconds 
========================================================================
Received Import Request.
  Time since last request: 7.714861 seconds.
  path: Assets/FBX/Marshmellow.fbx
  artifactKey: Guid(b7e347e947697bc4bb982a0c644ef924) Importer(815301076,1909f56bfc062723c751e8b465ee728b)
Start importing Assets/FBX/Marshmellow.fbx using Guid(b7e347e947697bc4bb982a0c644ef924) Importer(815301076,1909f56bfc062723c751e8b465ee728b)  -> (artifact id: '0bb37e4d30a730a7d01c5d6ef1b8fa3e') in 0.030702 seconds 
========================================================================
Received Import Request.
  Time since last request: 4.522737 seconds.
  path: Assets/FBX/Marshmellow.fbx
  artifactKey: Guid(b7e347e947697bc4bb982a0c644ef924) Importer(815301076,1909f56bfc062723c751e8b465ee728b)
Start importing Assets/FBX/Marshmellow.fbx using Guid(b7e347e947697bc4bb982a0c644ef924) Importer(815301076,1909f56bfc062723c751e8b465ee728b)  -> (artifact id: '65379e0baa3eebca4c63800e7f8d49b0') in 0.028244 seconds 
========================================================================
Received Import Request.
  Time since last request: 32.809744 seconds.
  path: Assets/Materials/GunMats/Yellow.mat
  artifactKey: Guid(1e21c0be3c6ba2a43b561ee89d6747bb) Importer(815301076,1909f56bfc062723c751e8b465ee728b)
Start importing Assets/Materials/GunMats/Yellow.mat using Guid(1e21c0be3c6ba2a43b561ee89d6747bb) Importer(815301076,1909f56bfc062723c751e8b465ee728b)  -> (artifact id: 'd00dca92a6625959a13ec0f2245ea18b') in 0.019596 seconds 
========================================================================
Received Prepare
Registering precompiled user dll's ...
Registered in 0.003154 seconds.
Begin MonoManager ReloadAssembly
Symbol file LoadedFromMemory doesn't match image N:\Documents\Git\FarmAttack\Project Folder\Farm Attack 2 Attack of the Sigmas\Library\PackageCache\com.unity.visualscripting@1.7.8\Editor\VisualScripting.Core\Dependencies\YamlDotNet\Unity.VisualScripting.YamlDotNet.dll
Symbol file LoadedFromMemory doesn't match image N:\Documents\Git\FarmAttack\Project Folder\Farm Attack 2 Attack of the Sigmas\Library\PackageCache\com.unity.visualscripting@1.7.8\Editor\VisualScripting.Core\Dependencies\DotNetZip\Unity.VisualScripting.IonicZip.dll
Native extension for UWP target not found
Native extension for WindowsStandalone target not found
Refreshing native plugins compatible for Editor in 0.53 ms, found 3 plugins.
Preloading 0 native plugins for Editor in 0.00 ms.
Mono: successfully reloaded assembly
- Completed reload, in  0.805 seconds
Domain Reload Profiling:
	ReloadAssembly (805ms)
		BeginReloadAssembly (93ms)
			ExecutionOrderSort (0ms)
			DisableScriptedObjects (5ms)
			BackupInstance (0ms)
			ReleaseScriptingObjects (0ms)
			CreateAndSetChildDomain (33ms)
		EndReloadAssembly (650ms)
			LoadAssemblies (59ms)
			RebuildTransferFunctionScriptingTraits (0ms)
			SetupTypeCache (205ms)
				TypeCache.Initialize (197ms)
					TypeCache.ScanAssembly (193ms)
				ResolveRequiredComponents (8ms)
			ReleaseScriptCaches (1ms)
			RebuildScriptCaches (34ms)
			SetupLoadedEditorAssemblies (289ms)
				LogAssemblyErrors (0ms)
				InitializePlatformSupportModulesInManaged (10ms)
				SetLoadedEditorAssemblies (5ms)
				RefreshPlugins (1ms)
				BeforeProcessingInitializeOnLoad (53ms)
				ProcessInitializeOnLoadAttributes (158ms)
				ProcessInitializeOnLoadMethodAttributes (57ms)
				AfterProcessingInitializeOnLoad (5ms)
				EditorAssembliesLoaded (0ms)
			ExecutionOrderSort2 (0ms)
			AwakeInstancesAfterBackupRestoration (8ms)
Platform modules already initialized, skipping
Refreshing native plugins compatible for Editor in 1.47 ms, found 3 plugins.
Preloading 0 native plugins for Editor in 0.00 ms.
Unloading 5052 Unused Serialized files (Serialized files now loaded: 0)
Unloading 25 unused Assets / (309.9 KB). Loaded Objects now: 5747.
Memory consumption went from 0.79 GB to 0.79 GB.
Total: 2.049600 ms (FindLiveObjects: 0.208200 ms CreateObjectMapping: 0.073400 ms MarkObjects: 1.720400 ms  DeleteObjects: 0.046800 ms)

AssetImportParameters requested are different than current active one (requested -> active):
  custom:video-decoder-ogg-theora: a1e56fd34408186e4bbccfd4996cb3dc -> 
  custom:container-muxer-webm: aa71ff27fc2769a1b78a27578f13a17b -> 
  custom:container-demuxer-webm: 4f35f7cbe854078d1ac9338744f61a02 -> 
  custom:video-encoder-webm-vp8: eb34c28f22e8b96e1ab97ce403110664 -> 
  custom:video-codec-MediaFoundation-h265: 746d11721c4dcdbdad8f713fa42b33f4 -> 
  custom:audio-encoder-webm-vorbis: bf7c407c2cedff20999df2af8eb42d56 -> 
  custom:framework-win-MediaFoundation: 216162199b28c13a410421893ffa2e32 -> 
  custom:container-demuxer-ogg: 62fdf1f143b41e24485cea50d1cbac27 -> 
  custom:video-decoder-webm-vp8: 9c59270c3fd7afecdb556c50c9e8de78 -> 
  custom:audio-decoder-ogg-vorbis: bf7c407c2cedff20999df2af8eb42d56 -> 
========================================================================
Received Prepare
Registering precompiled user dll's ...
Registered in 0.004249 seconds.
Begin MonoManager ReloadAssembly
Symbol file LoadedFromMemory doesn't match image N:\Documents\Git\FarmAttack\Project Folder\Farm Attack 2 Attack of the Sigmas\Library\PackageCache\com.unity.visualscripting@1.7.8\Editor\VisualScripting.Core\Dependencies\YamlDotNet\Unity.VisualScripting.YamlDotNet.dll
Symbol file LoadedFromMemory doesn't match image N:\Documents\Git\FarmAttack\Project Folder\Farm Attack 2 Attack of the Sigmas\Library\PackageCache\com.unity.visualscripting@1.7.8\Editor\VisualScripting.Core\Dependencies\DotNetZip\Unity.VisualScripting.IonicZip.dll
Native extension for UWP target not found
Native extension for WindowsStandalone target not found
Refreshing native plugins compatible for Editor in 0.62 ms, found 3 plugins.
Preloading 0 native plugins for Editor in 0.00 ms.
Mono: successfully reloaded assembly
- Completed reload, in  0.803 seconds
Domain Reload Profiling:
	ReloadAssembly (803ms)
		BeginReloadAssembly (93ms)
			ExecutionOrderSort (0ms)
			DisableScriptedObjects (4ms)
			BackupInstance (0ms)
			ReleaseScriptingObjects (0ms)
			CreateAndSetChildDomain (27ms)
		EndReloadAssembly (649ms)
			LoadAssemblies (65ms)
			RebuildTransferFunctionScriptingTraits (0ms)
			SetupTypeCache (195ms)
				TypeCache.Initialize (188ms)
					TypeCache.ScanAssembly (184ms)
				ResolveRequiredComponents (7ms)
			ReleaseScriptCaches (1ms)
			RebuildScriptCaches (30ms)
			SetupLoadedEditorAssemblies (280ms)
				LogAssemblyErrors (0ms)
				InitializePlatformSupportModulesInManaged (12ms)
				SetLoadedEditorAssemblies (4ms)
				RefreshPlugins (1ms)
				BeforeProcessingInitializeOnLoad (53ms)
				ProcessInitializeOnLoadAttributes (150ms)
				ProcessInitializeOnLoadMethodAttributes (55ms)
				AfterProcessingInitializeOnLoad (5ms)
				EditorAssembliesLoaded (0ms)
			ExecutionOrderSort2 (0ms)
			AwakeInstancesAfterBackupRestoration (8ms)
Platform modules already initialized, skipping
Refreshing native plugins compatible for Editor in 1.31 ms, found 3 plugins.
Preloading 0 native plugins for Editor in 0.00 ms.
Unloading 5052 Unused Serialized files (Serialized files now loaded: 0)
Unloading 25 unused Assets / (309.9 KB). Loaded Objects now: 5751.
Memory consumption went from 0.79 GB to 0.79 GB.
Total: 2.228900 ms (FindLiveObjects: 0.228100 ms CreateObjectMapping: 0.109900 ms MarkObjects: 1.836200 ms  DeleteObjects: 0.053800 ms)

AssetImportParameters requested are different than current active one (requested -> active):
  custom:video-decoder-ogg-theora: a1e56fd34408186e4bbccfd4996cb3dc -> 
  custom:container-muxer-webm: aa71ff27fc2769a1b78a27578f13a17b -> 
  custom:container-demuxer-webm: 4f35f7cbe854078d1ac9338744f61a02 -> 
  custom:video-encoder-webm-vp8: eb34c28f22e8b96e1ab97ce403110664 -> 
  custom:video-codec-MediaFoundation-h265: 746d11721c4dcdbdad8f713fa42b33f4 -> 
  custom:audio-encoder-webm-vorbis: bf7c407c2cedff20999df2af8eb42d56 -> 
  custom:framework-win-MediaFoundation: 216162199b28c13a410421893ffa2e32 -> 
  custom:container-demuxer-ogg: 62fdf1f143b41e24485cea50d1cbac27 -> 
  custom:video-decoder-webm-vp8: 9c59270c3fd7afecdb556c50c9e8de78 -> 
  custom:audio-decoder-ogg-vorbis: bf7c407c2cedff20999df2af8eb42d56 -> 
