Using pre-set license
Built from '2022.1/staging' branch; Version is '2022.1.23f1 (9636b062134a) revision 9844400'; Using compiler version '192829333'; Build Type 'Release'
OS: 'Windows 11  (10.0.22621) 64bit Core' Language: 'en' Physical Memory: 32603 MB
BatchMode: 1, IsHumanControllingUs: 0, StartBugReporterOnCrash: 0, Is64bit: 1, IsPro: 1

COMMAND LINE ARGUMENTS:
C:\Program Files\Unity\Hub\Editor\2022.1.23f1-x86_64\Editor\Unity.exe
-adb2
-batchMode
-noUpm
-name
AssetImportWorker4
-projectPath
N:/Documents/Git/FarmAttack/Project Folder/Farm Attack 2 Attack of the Sigmas
-logFile
Logs/AssetImportWorker4.log
-srvPort
52169
Successfully changed project path to: N:/Documents/Git/FarmAttack/Project Folder/Farm Attack 2 Attack of the Sigmas
N:/Documents/Git/FarmAttack/Project Folder/Farm Attack 2 Attack of the Sigmas
[UnityMemory] Configuration Parameters - Can be set up in boot.config
    "memorysetup-bucket-allocator-granularity=16"
    "memorysetup-bucket-allocator-bucket-count=8"
    "memorysetup-bucket-allocator-block-size=33554432"
    "memorysetup-bucket-allocator-block-count=8"
    "memorysetup-main-allocator-block-size=16777216"
    "memorysetup-thread-allocator-block-size=16777216"
    "memorysetup-gfx-main-allocator-block-size=16777216"
    "memorysetup-gfx-thread-allocator-block-size=16777216"
    "memorysetup-cache-allocator-block-size=4194304"
    "memorysetup-typetree-allocator-block-size=2097152"
    "memorysetup-profiler-bucket-allocator-granularity=16"
    "memorysetup-profiler-bucket-allocator-bucket-count=8"
    "memorysetup-profiler-bucket-allocator-block-size=33554432"
    "memorysetup-profiler-bucket-allocator-block-count=8"
    "memorysetup-profiler-allocator-block-size=16777216"
    "memorysetup-profiler-editor-allocator-block-size=1048576"
    "memorysetup-temp-allocator-size-main=16777216"
    "memorysetup-job-temp-allocator-block-size=2097152"
    "memorysetup-job-temp-allocator-block-size-background=1048576"
    "memorysetup-job-temp-allocator-reduction-small-platforms=262144"
    "memorysetup-temp-allocator-size-background-worker=32768"
    "memorysetup-temp-allocator-size-job-worker=262144"
    "memorysetup-temp-allocator-size-preload-manager=33554432"
    "memorysetup-temp-allocator-size-nav-mesh-worker=65536"
    "memorysetup-temp-allocator-size-audio-worker=65536"
    "memorysetup-temp-allocator-size-cloud-worker=32768"
    "memorysetup-temp-allocator-size-gi-baking-worker=262144"
    "memorysetup-temp-allocator-size-gfx=262144"
Refreshing native plugins compatible for Editor in 39.19 ms, found 3 plugins.
Preloading 0 native plugins for Editor in 0.00 ms.
Initialize engine version: 2022.1.23f1 (9636b062134a)
[Subsystems] Discovering subsystems at path C:/Program Files/Unity/Hub/Editor/2022.1.23f1-x86_64/Editor/Data/Resources/UnitySubsystems
[Subsystems] Discovering subsystems at path N:/Documents/Git/FarmAttack/Project Folder/Farm Attack 2 Attack of the Sigmas/Assets
GfxDevice: creating device client; threaded=0; jobified=0
Direct3D:
    Version:  Direct3D 11.0 [level 11.1]
    Renderer: NVIDIA GeForce RTX 4080 (ID=0x2704)
    Vendor:   NVIDIA
    VRAM:     16064 MB
    Driver:   31.0.15.3623
Initialize mono
Mono path[0] = 'C:/Program Files/Unity/Hub/Editor/2022.1.23f1-x86_64/Editor/Data/Managed'
Mono path[1] = 'C:/Program Files/Unity/Hub/Editor/2022.1.23f1-x86_64/Editor/Data/MonoBleedingEdge/lib/mono/unityjit-win32'
Mono config path = 'C:/Program Files/Unity/Hub/Editor/2022.1.23f1-x86_64/Editor/Data/MonoBleedingEdge/etc'
Using monoOptions --debugger-agent=transport=dt_socket,embedding=1,server=y,suspend=n,address=127.0.0.1:56012
Begin MonoManager ReloadAssembly
Registering precompiled unity dll's ...
Register platform support module: C:/Program Files/Unity/Hub/Editor/2022.1.23f1-x86_64/Editor/Data/PlaybackEngines/WindowsStandaloneSupport/UnityEditor.WindowsStandalone.Extensions.dll
Register platform support module: C:/Program Files/Unity/Hub/Editor/2022.1.23f1-x86_64/Editor/Data/PlaybackEngines/MetroSupport/UnityEditor.UWP.Extensions.dll
Registered in 0.003228 seconds.
Native extension for UWP target not found
Native extension for WindowsStandalone target not found
Refreshing native plugins compatible for Editor in 38.45 ms, found 3 plugins.
Preloading 0 native plugins for Editor in 0.00 ms.
Mono: successfully reloaded assembly
- Completed reload, in  0.399 seconds
Domain Reload Profiling:
	ReloadAssembly (400ms)
		BeginReloadAssembly (58ms)
			ExecutionOrderSort (0ms)
			DisableScriptedObjects (0ms)
			BackupInstance (0ms)
			ReleaseScriptingObjects (0ms)
			CreateAndSetChildDomain (0ms)
		EndReloadAssembly (276ms)
			LoadAssemblies (57ms)
			RebuildTransferFunctionScriptingTraits (0ms)
			SetupTypeCache (76ms)
				TypeCache.Initialize (76ms)
					TypeCache.ScanAssembly (75ms)
				ResolveRequiredComponents (0ms)
			ReleaseScriptCaches (0ms)
			RebuildScriptCaches (15ms)
			SetupLoadedEditorAssemblies (150ms)
				LogAssemblyErrors (0ms)
				InitializePlatformSupportModulesInManaged (5ms)
				SetLoadedEditorAssemblies (4ms)
				RefreshPlugins (39ms)
				BeforeProcessingInitializeOnLoad (1ms)
				ProcessInitializeOnLoadAttributes (76ms)
				ProcessInitializeOnLoadMethodAttributes (25ms)
				AfterProcessingInitializeOnLoad (0ms)
				EditorAssembliesLoaded (0ms)
			ExecutionOrderSort2 (0ms)
			AwakeInstancesAfterBackupRestoration (0ms)
Platform modules already initialized, skipping
Registering precompiled user dll's ...
Registered in 0.002551 seconds.
Begin MonoManager ReloadAssembly
Symbol file LoadedFromMemory doesn't match image N:\Documents\Git\FarmAttack\Project Folder\Farm Attack 2 Attack of the Sigmas\Library\PackageCache\com.unity.visualscripting@1.7.8\Editor\VisualScripting.Core\Dependencies\YamlDotNet\Unity.VisualScripting.YamlDotNet.dll
Symbol file LoadedFromMemory doesn't match image N:\Documents\Git\FarmAttack\Project Folder\Farm Attack 2 Attack of the Sigmas\Library\PackageCache\com.unity.visualscripting@1.7.8\Editor\VisualScripting.Core\Dependencies\DotNetZip\Unity.VisualScripting.IonicZip.dll
Native extension for UWP target not found
Native extension for WindowsStandalone target not found
Refreshing native plugins compatible for Editor in 0.33 ms, found 3 plugins.
Preloading 0 native plugins for Editor in 0.00 ms.
Mono: successfully reloaded assembly
- Completed reload, in  0.607 seconds
Domain Reload Profiling:
	ReloadAssembly (607ms)
		BeginReloadAssembly (60ms)
			ExecutionOrderSort (0ms)
			DisableScriptedObjects (3ms)
			BackupInstance (0ms)
			ReleaseScriptingObjects (0ms)
			CreateAndSetChildDomain (10ms)
		EndReloadAssembly (486ms)
			LoadAssemblies (44ms)
			RebuildTransferFunctionScriptingTraits (0ms)
			SetupTypeCache (174ms)
				TypeCache.Initialize (172ms)
					TypeCache.ScanAssembly (170ms)
				ResolveRequiredComponents (2ms)
			ReleaseScriptCaches (0ms)
			RebuildScriptCaches (32ms)
			SetupLoadedEditorAssemblies (206ms)
				LogAssemblyErrors (0ms)
				InitializePlatformSupportModulesInManaged (3ms)
				SetLoadedEditorAssemblies (4ms)
				RefreshPlugins (0ms)
				BeforeProcessingInitializeOnLoad (43ms)
				ProcessInitializeOnLoadAttributes (133ms)
				ProcessInitializeOnLoadMethodAttributes (18ms)
				AfterProcessingInitializeOnLoad (4ms)
				EditorAssembliesLoaded (0ms)
			ExecutionOrderSort2 (0ms)
			AwakeInstancesAfterBackupRestoration (4ms)
Platform modules already initialized, skipping
========================================================================
Worker process is ready to serve import requests
Launched and connected shader compiler UnityShaderCompiler.exe after 0.04 seconds
Refreshing native plugins compatible for Editor in 0.50 ms, found 3 plugins.
Preloading 0 native plugins for Editor in 0.00 ms.
Unloading 3379 Unused Serialized files (Serialized files now loaded: 0)
Unloading 26 unused Assets / (58.7 KB). Loaded Objects now: 3841.
Memory consumption went from 0.51 GB to 0.51 GB.
Total: 1.655100 ms (FindLiveObjects: 0.136200 ms CreateObjectMapping: 0.037000 ms MarkObjects: 1.434300 ms  DeleteObjects: 0.046800 ms)

AssetImportParameters requested are different than current active one (requested -> active):
  custom:video-decoder-ogg-theora: a1e56fd34408186e4bbccfd4996cb3dc -> 
  custom:container-muxer-webm: aa71ff27fc2769a1b78a27578f13a17b -> 
  custom:container-demuxer-webm: 4f35f7cbe854078d1ac9338744f61a02 -> 
  custom:video-encoder-webm-vp8: eb34c28f22e8b96e1ab97ce403110664 -> 
  custom:video-codec-MediaFoundation-h265: 746d11721c4dcdbdad8f713fa42b33f4 -> 
  custom:audio-encoder-webm-vorbis: bf7c407c2cedff20999df2af8eb42d56 -> 
  custom:framework-win-MediaFoundation: 216162199b28c13a410421893ffa2e32 -> 
  custom:container-demuxer-ogg: 62fdf1f143b41e24485cea50d1cbac27 -> 
  custom:video-decoder-webm-vp8: 9c59270c3fd7afecdb556c50c9e8de78 -> 
  custom:audio-decoder-ogg-vorbis: bf7c407c2cedff20999df2af8eb42d56 -> 
========================================================================
Received Prepare
Registering precompiled user dll's ...
Registered in 0.003365 seconds.
Begin MonoManager ReloadAssembly
Symbol file LoadedFromMemory doesn't match image N:\Documents\Git\FarmAttack\Project Folder\Farm Attack 2 Attack of the Sigmas\Library\PackageCache\com.unity.visualscripting@1.7.8\Editor\VisualScripting.Core\Dependencies\YamlDotNet\Unity.VisualScripting.YamlDotNet.dll
Symbol file LoadedFromMemory doesn't match image N:\Documents\Git\FarmAttack\Project Folder\Farm Attack 2 Attack of the Sigmas\Library\PackageCache\com.unity.visualscripting@1.7.8\Editor\VisualScripting.Core\Dependencies\DotNetZip\Unity.VisualScripting.IonicZip.dll
Native extension for UWP target not found
Native extension for WindowsStandalone target not found
Refreshing native plugins compatible for Editor in 58.58 ms, found 3 plugins.
Preloading 0 native plugins for Editor in 0.00 ms.
Mono: successfully reloaded assembly
- Completed reload, in  1.637 seconds
Domain Reload Profiling:
	ReloadAssembly (1638ms)
		BeginReloadAssembly (83ms)
			ExecutionOrderSort (0ms)
			DisableScriptedObjects (3ms)
			BackupInstance (0ms)
			ReleaseScriptingObjects (0ms)
			CreateAndSetChildDomain (18ms)
		EndReloadAssembly (1501ms)
			LoadAssemblies (55ms)
			RebuildTransferFunctionScriptingTraits (0ms)
			SetupTypeCache (248ms)
				TypeCache.Initialize (232ms)
					TypeCache.ScanAssembly (228ms)
				ResolveRequiredComponents (16ms)
			ReleaseScriptCaches (2ms)
			RebuildScriptCaches (32ms)
			SetupLoadedEditorAssemblies (1004ms)
				LogAssemblyErrors (0ms)
				InitializePlatformSupportModulesInManaged (7ms)
				SetLoadedEditorAssemblies (4ms)
				RefreshPlugins (59ms)
				BeforeProcessingInitializeOnLoad (44ms)
				ProcessInitializeOnLoadAttributes (834ms)
				ProcessInitializeOnLoadMethodAttributes (50ms)
				AfterProcessingInitializeOnLoad (5ms)
				EditorAssembliesLoaded (0ms)
			ExecutionOrderSort2 (0ms)
			AwakeInstancesAfterBackupRestoration (4ms)
Platform modules already initialized, skipping
Shader 'Universal Render Pipeline/Particles/Simple Lit': fallback shader 'Universal Render Pipeline/Particles/Unlit' not found
Shader 'Universal Render Pipeline/Nature/SpeedTree7': dependency 'BillboardShader' shader 'Universal Render Pipeline/Nature/SpeedTree7 Billboard' not found
Shader 'Hidden/Universal Render Pipeline/Terrain/Lit (Add Pass)': fallback shader 'Hidden/Universal Render Pipeline/FallbackError' not found
Shader 'Hidden/Universal Render Pipeline/Terrain/Lit (Base Pass)': fallback shader 'Hidden/Universal Render Pipeline/FallbackError' not found
WARNING: Shader Unsupported: 'Hidden/Universal Render Pipeline/Terrain/Lit (Base Pass)' - All subshaders removed
WARNING: Shader Did you use #pragma only_renderers and omit this platform?
WARNING: Shader If subshaders removal was intentional, you may have forgotten turning Fallback off?
WARNING: Shader Unsupported: 'Hidden/Universal Render Pipeline/Terrain/Lit (Base Pass)' - All subshaders removed
WARNING: Shader Did you use #pragma only_renderers and omit this platform?
WARNING: Shader If subshaders removal was intentional, you may have forgotten turning Fallback off?
Shader 'Universal Render Pipeline/Unlit': fallback shader 'Hidden/Universal Render Pipeline/FallbackError' not found
Shader 'Hidden/Universal Render Pipeline/StencilDeferred': fallback shader 'Hidden/Universal Render Pipeline/FallbackError' not found
Shader 'Universal Render Pipeline/Simple Lit': fallback shader 'Hidden/Universal Render Pipeline/FallbackError' not found
Refreshing native plugins compatible for Editor in 1.30 ms, found 3 plugins.
Preloading 0 native plugins for Editor in 0.00 ms.
Unloading 5119 Unused Serialized files (Serialized files now loaded: 0)
Unloading 98 unused Assets / (6.5 MB). Loaded Objects now: 5512.
Memory consumption went from 0.78 GB to 0.77 GB.
Total: 3.320700 ms (FindLiveObjects: 0.221000 ms CreateObjectMapping: 0.075700 ms MarkObjects: 1.604000 ms  DeleteObjects: 1.419300 ms)

AssetImportParameters requested are different than current active one (requested -> active):
  custom:video-decoder-ogg-theora: a1e56fd34408186e4bbccfd4996cb3dc -> 
  custom:container-muxer-webm: aa71ff27fc2769a1b78a27578f13a17b -> 
  custom:container-demuxer-webm: 4f35f7cbe854078d1ac9338744f61a02 -> 
  custom:video-encoder-webm-vp8: eb34c28f22e8b96e1ab97ce403110664 -> 
  custom:video-codec-MediaFoundation-h265: 746d11721c4dcdbdad8f713fa42b33f4 -> 
  custom:audio-encoder-webm-vorbis: bf7c407c2cedff20999df2af8eb42d56 -> 
  custom:framework-win-MediaFoundation: 216162199b28c13a410421893ffa2e32 -> 
  custom:container-demuxer-ogg: 62fdf1f143b41e24485cea50d1cbac27 -> 
  custom:video-decoder-webm-vp8: 9c59270c3fd7afecdb556c50c9e8de78 -> 
  custom:audio-decoder-ogg-vorbis: bf7c407c2cedff20999df2af8eb42d56 -> 
========================================================================
Received Import Request.
  Time since last request: 150144.412668 seconds.
  path: Assets/Materials/Textured Materials/BurgerMat.mat
  artifactKey: Guid(095d24d480ac75845bda67ddcdbfbacc) Importer(815301076,1909f56bfc062723c751e8b465ee728b)
Start importing Assets/Materials/Textured Materials/BurgerMat.mat using Guid(095d24d480ac75845bda67ddcdbfbacc) Importer(815301076,1909f56bfc062723c751e8b465ee728b)  -> (artifact id: '37c6b097b639a9ffd942e3ded3b62b65') in 0.075873 seconds 
========================================================================
Received Import Request.
  Time since last request: 66.586749 seconds.
  path: Assets/Materials/BurgerEnemy.fbx
  artifactKey: Guid(984ec7b8ec21f4b4aa47d63a94983388) Importer(815301076,1909f56bfc062723c751e8b465ee728b)
Start importing Assets/Materials/BurgerEnemy.fbx using Guid(984ec7b8ec21f4b4aa47d63a94983388) Importer(815301076,1909f56bfc062723c751e8b465ee728b)  -> (artifact id: '4c1adc98ef8add8ef7a197e3efb6c7bc') in 0.081411 seconds 
========================================================================
Received Import Request.
  Time since last request: 0.000014 seconds.
  path: Assets/Materials/FPSPlayerARms.fbx
  artifactKey: Guid(037b9ddde3a31f148a6031c3b79464b7) Importer(815301076,1909f56bfc062723c751e8b465ee728b)
Start importing Assets/Materials/FPSPlayerARms.fbx using Guid(037b9ddde3a31f148a6031c3b79464b7) Importer(815301076,1909f56bfc062723c751e8b465ee728b)  -> (artifact id: '976af5c08d50c5b549d02ad5fb26f375') in 0.020101 seconds 
========================================================================
Received Import Request.
  Time since last request: 0.000016 seconds.
  path: Assets/Materials/FartAttackScythe.fbx
  artifactKey: Guid(d58d0b9901f7d9b4cbdd0e9f53852ca3) Importer(815301076,1909f56bfc062723c751e8b465ee728b)
Start importing Assets/Materials/FartAttackScythe.fbx using Guid(d58d0b9901f7d9b4cbdd0e9f53852ca3) Importer(815301076,1909f56bfc062723c751e8b465ee728b)  -> (artifact id: '107f9f279eb9fa4bd26ea39bec44946f') in 0.027276 seconds 
========================================================================
Received Import Request.
  Time since last request: 1.075449 seconds.
  path: Assets/DirtPile.prefab
  artifactKey: Guid(5ae7fc35f85c18441b76f53ab55ed905) Importer(815301076,1909f56bfc062723c751e8b465ee728b)
Start importing Assets/DirtPile.prefab using Guid(5ae7fc35f85c18441b76f53ab55ed905) Importer(815301076,1909f56bfc062723c751e8b465ee728b)  -> (artifact id: '274e006917999b67f03c15cc86de7207') in 0.010580 seconds 
========================================================================
Received Import Request.
  Time since last request: 7.794946 seconds.
  path: Assets/Settings
  artifactKey: Guid(651d27cc0cd5f8f4ebf5e53faa7c2b74) Importer(815301076,1909f56bfc062723c751e8b465ee728b)
Start importing Assets/Settings using Guid(651d27cc0cd5f8f4ebf5e53faa7c2b74) Importer(815301076,1909f56bfc062723c751e8b465ee728b)  -> (artifact id: '8f714ecb912e59bbbbefd115b53d08a4') in 0.005304 seconds 
========================================================================
Received Import Request.
  Time since last request: 192.911998 seconds.
  path: Assets/UniversalRenderPipelineGlobalSettings.asset
  artifactKey: Guid(35e8f18021fd01b44aa2dd8c051be59b) Importer(815301076,1909f56bfc062723c751e8b465ee728b)
Start importing Assets/UniversalRenderPipelineGlobalSettings.asset using Guid(35e8f18021fd01b44aa2dd8c051be59b) Importer(815301076,1909f56bfc062723c751e8b465ee728b)  -> (artifact id: '4c7706224e997528a4ed6ce23b368db8') in 0.006895 seconds 
========================================================================
Received Import Request.
  Time since last request: 24.348762 seconds.
  path: Assets/Settings/New Universal Render Pipeline Asset.asset
  artifactKey: Guid(b70140ab00dd94240adc720185687aaa) Importer(815301076,1909f56bfc062723c751e8b465ee728b)
Start importing Assets/Settings/New Universal Render Pipeline Asset.asset using Guid(b70140ab00dd94240adc720185687aaa) Importer(815301076,1909f56bfc062723c751e8b465ee728b)  -> (artifact id: '182ac164b03a71b4fc2bec7542b14d1e') in 0.034908 seconds 
========================================================================
Received Import Request.
  Time since last request: 17.449505 seconds.
  path: Assets/Settings/FarmAttackURP.asset
  artifactKey: Guid(12a5b9e021b35d0409a3d67702228822) Importer(815301076,1909f56bfc062723c751e8b465ee728b)
Start importing Assets/Settings/FarmAttackURP.asset using Guid(12a5b9e021b35d0409a3d67702228822) Importer(815301076,1909f56bfc062723c751e8b465ee728b)  -> (artifact id: '7ef34ca58bf98f04a3e16d00ef8ff7a4') in 0.022745 seconds 
========================================================================
Received Import Request.
  Time since last request: 9.527779 seconds.
  path: Assets/Settings/FarmATtackURP Asset.asset
  artifactKey: Guid(b70140ab00dd94240adc720185687aaa) Importer(815301076,1909f56bfc062723c751e8b465ee728b)
Start importing Assets/Settings/FarmATtackURP Asset.asset using Guid(b70140ab00dd94240adc720185687aaa) Importer(815301076,1909f56bfc062723c751e8b465ee728b)  -> (artifact id: '13a7a35020856e5bf83428b519111d34') in 0.020069 seconds 
========================================================================
Received Prepare
Switching render pipeline 00000000000000000000000000000000 -> b70140ab00dd94240adc720185687aaa
Refreshing native plugins compatible for Editor in 3.31 ms, found 3 plugins.
Preloading 0 native plugins for Editor in 0.00 ms.
Unloading 145 Unused Serialized files (Serialized files now loaded: 0)
Unloading 72 unused Assets / (4.6 MB). Loaded Objects now: 5632.
Memory consumption went from 134.5 MB to 129.9 MB.
Total: 4.521400 ms (FindLiveObjects: 0.238200 ms CreateObjectMapping: 0.090300 ms MarkObjects: 2.922400 ms  DeleteObjects: 1.269600 ms)

AssetImportParameters requested are different than current active one (requested -> active):
  custom:video-decoder-ogg-theora: a1e56fd34408186e4bbccfd4996cb3dc -> 
  custom:container-muxer-webm: aa71ff27fc2769a1b78a27578f13a17b -> 
  custom:container-demuxer-webm: 4f35f7cbe854078d1ac9338744f61a02 -> 
  custom:video-encoder-webm-vp8: eb34c28f22e8b96e1ab97ce403110664 -> 
  custom:video-codec-MediaFoundation-h265: 746d11721c4dcdbdad8f713fa42b33f4 -> 
  custom:audio-encoder-webm-vorbis: bf7c407c2cedff20999df2af8eb42d56 -> 
  custom:framework-win-MediaFoundation: 216162199b28c13a410421893ffa2e32 -> 
  custom:container-demuxer-ogg: 62fdf1f143b41e24485cea50d1cbac27 -> 
  custom:video-decoder-webm-vp8: 9c59270c3fd7afecdb556c50c9e8de78 -> 
  custom:audio-decoder-ogg-vorbis: bf7c407c2cedff20999df2af8eb42d56 -> 
========================================================================
Received Import Request.
  Time since last request: 84.532178 seconds.
  path: Assets/Settings/UniversalRenderPipelineGlobalSettings.asset
  artifactKey: Guid(35e8f18021fd01b44aa2dd8c051be59b) Importer(815301076,1909f56bfc062723c751e8b465ee728b)
Start importing Assets/Settings/UniversalRenderPipelineGlobalSettings.asset using Guid(35e8f18021fd01b44aa2dd8c051be59b) Importer(815301076,1909f56bfc062723c751e8b465ee728b)  -> (artifact id: '6ce05e410c0c5aed1ff5b36c9607a813') in 0.002542 seconds 
========================================================================
Received Import Request.
  Time since last request: 0.000014 seconds.
  path: Assets/Settings/FarmAttackURP.asset
  artifactKey: Guid(12a5b9e021b35d0409a3d67702228822) Importer(815301076,1909f56bfc062723c751e8b465ee728b)
Start importing Assets/Settings/FarmAttackURP.asset using Guid(12a5b9e021b35d0409a3d67702228822) Importer(815301076,1909f56bfc062723c751e8b465ee728b)  -> (artifact id: 'ca762c6642e4877b55a1ad6f0773ba0a') in 0.001753 seconds 
========================================================================
Received Import Request.
  Time since last request: 0.000014 seconds.
  path: Assets/Settings/FarmAttackURP Asset.asset
  artifactKey: Guid(b70140ab00dd94240adc720185687aaa) Importer(815301076,1909f56bfc062723c751e8b465ee728b)
Start importing Assets/Settings/FarmAttackURP Asset.asset using Guid(b70140ab00dd94240adc720185687aaa) Importer(815301076,1909f56bfc062723c751e8b465ee728b)  -> (artifact id: '738b9ae3804d70ccf08a0a66b76af6bf') in 0.005431 seconds 
========================================================================
Received Import Request.
  Time since last request: 14.583535 seconds.
  path: Assets/DirtPile.prefab
  artifactKey: Guid(5ae7fc35f85c18441b76f53ab55ed905) Importer(815301076,1909f56bfc062723c751e8b465ee728b)
Start importing Assets/DirtPile.prefab using Guid(5ae7fc35f85c18441b76f53ab55ed905) Importer(815301076,1909f56bfc062723c751e8b465ee728b)  -> (artifact id: '65ae7c5932f3cef71e48bb5313d3392c') in 0.126262 seconds 
========================================================================
Received Import Request.
  Time since last request: 0.000021 seconds.
  path: Assets/T4Msyfx.png
  artifactKey: Guid(9a05d551a56fa3848a24f2840cb702fd) Importer(815301076,1909f56bfc062723c751e8b465ee728b)
Start importing Assets/T4Msyfx.png using Guid(9a05d551a56fa3848a24f2840cb702fd) Importer(815301076,1909f56bfc062723c751e8b465ee728b)  -> (artifact id: '955485c5162c8ce8283d5cf74fa1c629') in 0.035673 seconds 
========================================================================
Received Import Request.
  Time since last request: 0.884897 seconds.
  path: Assets/Materials/Bullet.prefab
  artifactKey: Guid(19c6bf1bf68d9974d8593c8273572262) Importer(815301076,1909f56bfc062723c751e8b465ee728b)
Start importing Assets/Materials/Bullet.prefab using Guid(19c6bf1bf68d9974d8593c8273572262) Importer(815301076,1909f56bfc062723c751e8b465ee728b)  -> (artifact id: '1e4cb3c8d20b8f5af6603d53ba5b3845') in 0.012514 seconds 
========================================================================
Received Import Request.
  Time since last request: 0.000020 seconds.
  path: Assets/Materials/SmokeMaterial.mat
  artifactKey: Guid(e67681ea1012dea4180f53d0066244ef) Importer(815301076,1909f56bfc062723c751e8b465ee728b)
Start importing Assets/Materials/SmokeMaterial.mat using Guid(e67681ea1012dea4180f53d0066244ef) Importer(815301076,1909f56bfc062723c751e8b465ee728b)  -> (artifact id: '26b8282d5713d2b4ed91c077fe627aa2') in 0.013354 seconds 
========================================================================
Received Import Request.
  Time since last request: 0.000019 seconds.
  path: Assets/Materials/NewPlotModel.fbx
  artifactKey: Guid(4847b7337da598745a0a417e97a23173) Importer(815301076,1909f56bfc062723c751e8b465ee728b)
Start importing Assets/Materials/NewPlotModel.fbx using Guid(4847b7337da598745a0a417e97a23173) Importer(815301076,1909f56bfc062723c751e8b465ee728b)  -> (artifact id: 'e86589cdb14bd0a26197c2aaead93804') in 0.728228 seconds 
========================================================================
Received Import Request.
  Time since last request: 0.000022 seconds.
  path: Assets/Materials/Jelly 3.mat
  artifactKey: Guid(52b96f4265ff0684ea305dd3a945d8ef) Importer(815301076,1909f56bfc062723c751e8b465ee728b)
Start importing Assets/Materials/Jelly 3.mat using Guid(52b96f4265ff0684ea305dd3a945d8ef) Importer(815301076,1909f56bfc062723c751e8b465ee728b)  -> (artifact id: '1d28c65745ca40af0338cc7a82318b1a') in 0.009490 seconds 
========================================================================
Received Import Request.
  Time since last request: 0.000022 seconds.
  path: Assets/Materials/PlayerFlesh.mat
  artifactKey: Guid(dbdab61710606654fbc9ce8a85a3033b) Importer(815301076,1909f56bfc062723c751e8b465ee728b)
Start importing Assets/Materials/PlayerFlesh.mat using Guid(dbdab61710606654fbc9ce8a85a3033b) Importer(815301076,1909f56bfc062723c751e8b465ee728b)  -> (artifact id: '0fc490aa71a20b59ec19bee9b54ed86b') in 0.009559 seconds 
========================================================================
Received Import Request.
  Time since last request: 0.000018 seconds.
  path: Assets/Materials/ulrick-wery-tileableset2-grass.jpg
  artifactKey: Guid(4da70b866d1f844469ed644bcddff003) Importer(815301076,1909f56bfc062723c751e8b465ee728b)
Start importing Assets/Materials/ulrick-wery-tileableset2-grass.jpg using Guid(4da70b866d1f844469ed644bcddff003) Importer(815301076,1909f56bfc062723c751e8b465ee728b)  -> (artifact id: 'ef81934ae69c20af50789bcbcafe210c') in 0.009665 seconds 
========================================================================
Received Import Request.
  Time since last request: 0.000017 seconds.
  path: Assets/Materials/FPSPlayerARms.fbx
  artifactKey: Guid(037b9ddde3a31f148a6031c3b79464b7) Importer(815301076,1909f56bfc062723c751e8b465ee728b)
Start importing Assets/Materials/FPSPlayerARms.fbx using Guid(037b9ddde3a31f148a6031c3b79464b7) Importer(815301076,1909f56bfc062723c751e8b465ee728b)  -> (artifact id: '024a8b71fb9dc2c793f50d6e790b7097') in 0.018316 seconds 
========================================================================
Received Import Request.
  Time since last request: 0.000017 seconds.
  path: Assets/Materials/test.mat
  artifactKey: Guid(82eaa1c7bab449247a9d2ea346c915ec) Importer(815301076,1909f56bfc062723c751e8b465ee728b)
Start importing Assets/Materials/test.mat using Guid(82eaa1c7bab449247a9d2ea346c915ec) Importer(815301076,1909f56bfc062723c751e8b465ee728b)  -> (artifact id: 'ad26f14029e974756f54f073fe6a2b9b') in 0.009164 seconds 
========================================================================
Received Import Request.
  Time since last request: 0.000017 seconds.
  path: Assets/Materials/Jelly.mat
  artifactKey: Guid(82c5f28fcf412304981370759730baf7) Importer(815301076,1909f56bfc062723c751e8b465ee728b)
Start importing Assets/Materials/Jelly.mat using Guid(82c5f28fcf412304981370759730baf7) Importer(815301076,1909f56bfc062723c751e8b465ee728b)  -> (artifact id: '0202e3d9e60b80f6a549c494696a096c') in 0.009654 seconds 
========================================================================
Received Import Request.
  Time since last request: 0.000016 seconds.
  path: Assets/Materials/T4Msyfx.mat
  artifactKey: Guid(da6d57bd53237f64e834b11edd957888) Importer(815301076,1909f56bfc062723c751e8b465ee728b)
Start importing Assets/Materials/T4Msyfx.mat using Guid(da6d57bd53237f64e834b11edd957888) Importer(815301076,1909f56bfc062723c751e8b465ee728b)  -> (artifact id: 'aef6477bbaf9fa5589053882164076b6') in 0.006386 seconds 
========================================================================
Received Import Request.
  Time since last request: 0.000018 seconds.
  path: Assets/Materials/FartAttackScythe.fbx
  artifactKey: Guid(d58d0b9901f7d9b4cbdd0e9f53852ca3) Importer(815301076,1909f56bfc062723c751e8b465ee728b)
Start importing Assets/Materials/FartAttackScythe.fbx using Guid(d58d0b9901f7d9b4cbdd0e9f53852ca3) Importer(815301076,1909f56bfc062723c751e8b465ee728b)  -> (artifact id: '650acaf81c80e2bb3fafc10de7ca37cd') in 0.019708 seconds 
========================================================================
Received Import Request.
  Time since last request: 0.000014 seconds.
  path: Assets/Materials/Jelly 5.mat
  artifactKey: Guid(610107f6b42e8714ca2efda156a47b30) Importer(815301076,1909f56bfc062723c751e8b465ee728b)
Start importing Assets/Materials/Jelly 5.mat using Guid(610107f6b42e8714ca2efda156a47b30) Importer(815301076,1909f56bfc062723c751e8b465ee728b)  -> (artifact id: '2b1f802068a06a0914148146c8a8f93e') in 0.009819 seconds 
========================================================================
Received Import Request.
  Time since last request: 0.000017 seconds.
  path: Assets/Materials/Jelly 4.mat
  artifactKey: Guid(85fdf0097eaf80f4c87d5c129ebad2df) Importer(815301076,1909f56bfc062723c751e8b465ee728b)
Start importing Assets/Materials/Jelly 4.mat using Guid(85fdf0097eaf80f4c87d5c129ebad2df) Importer(815301076,1909f56bfc062723c751e8b465ee728b)  -> (artifact id: '7588736727370d65db83e012d95b31b2') in 0.009454 seconds 
Editor requested this worker to shutdown with reason: Scaling down because of idle timeout
AssetImportWorker is now disconnected from the server
Process exiting
Exiting without the bug reporter. Application will terminate with return code 0